<?xml version="1.0" encoding="UTF-8"?>
<testng-results ignored="0" total="2" passed="2" failed="0" skipped="0">
  <reporter-output>
  </reporter-output>
  <suite started-at="2024-12-07T15:35:50 IST" name="Default suite" finished-at="2024-12-07T15:35:54 IST" duration-ms="4029">
    <groups>
    </groups>
    <test started-at="2024-12-07T15:35:50 IST" name="Default test" finished-at="2024-12-07T15:35:54 IST" duration-ms="4029">
      <class name="RestAPI">
        <test-method signature="add()[pri:0, instance:RestAPI@1a75e76a]" started-at="2024-12-07T15:35:50 IST" name="add" finished-at="2024-12-07T15:35:54 IST" duration-ms="3457" status="PASS">
          <reporter-output>
          </reporter-output>
        </test-method> <!-- add -->
        <test-method signature="testGetRequest()[pri:0, instance:RestAPI@1a75e76a]" started-at="2024-12-07T15:35:54 IST" name="testGetRequest" finished-at="2024-12-07T15:35:54 IST" duration-ms="523" status="PASS">
          <reporter-output>
          </reporter-output>
        </test-method> <!-- testGetRequest -->
      </class> <!-- RestAPI -->
    </test> <!-- Default test -->
  </suite> <!-- Default suite -->
</testng-results>
