<?xml version="1.0" encoding="UTF-8"?>
<testng-results ignored="0" total="3" passed="3" failed="0" skipped="0">
  <reporter-output>
  </reporter-output>
  <suite started-at="2024-12-07T16:19:09 IST" name="Default suite" finished-at="2024-12-07T16:19:14 IST" duration-ms="4875">
    <groups>
    </groups>
    <test started-at="2024-12-07T16:19:09 IST" name="Default test" finished-at="2024-12-07T16:19:14 IST" duration-ms="4875">
      <class name="RestAPI">
        <test-method signature="createUser()[pri:0, instance:RestAPI@48bb62]" started-at="2024-12-07T16:19:09 IST" name="createUser" finished-at="2024-12-07T16:19:13 IST" duration-ms="3885" status="PASS">
          <reporter-output>
          </reporter-output>
        </test-method> <!-- createUser -->
        <test-method signature="DeleteUser()[pri:0, instance:RestAPI@48bb62]" started-at="2024-12-07T16:19:13 IST" name="DeleteUser" finished-at="2024-12-07T16:19:14 IST" duration-ms="529" status="PASS">
          <reporter-output>
          </reporter-output>
        </test-method> <!-- DeleteUser -->
        <test-method signature="UpdateUser()[pri:0, instance:RestAPI@48bb62]" started-at="2024-12-07T16:19:14 IST" name="UpdateUser" finished-at="2024-12-07T16:19:14 IST" depends-on-methods="RestAPI.createUser" duration-ms="414" status="PASS">
          <reporter-output>
          </reporter-output>
        </test-method> <!-- UpdateUser -->
      </class> <!-- RestAPI -->
    </test> <!-- Default test -->
  </suite> <!-- Default suite -->
</testng-results>
